# JRE version: OpenJDK Runtime Environment (8.0_152-b01) (build 1.8.0_152-release-1343-b01)
# Java VM: OpenJDK 64-Bit Server VM (25.152-b01 mixed mode windows-amd64 compressed oops)
Heap:
 PSYoungGen      total 162816K, used 47386K [0x00000000e0000000, 0x00000000ec380000, 0x0000000100000000)
  eden space 132608K, 35% used [0x00000000e0000000,0x00000000e2e46838,0x00000000e8180000)
  from space 30208K, 0% used [0x00000000ea600000,0x00000000ea600000,0x00000000ec380000)
  to   space 33792K, 0% used [0x00000000e8180000,0x00000000e8180000,0x00000000ea280000)
 ParOldGen       total 231936K, used 39212K [0x00000000a0000000, 0x00000000ae280000, 0x00000000e0000000)
  object space 231936K, 16% used [0x00000000a0000000,0x00000000a264b0a0,0x00000000ae280000)
 Metaspace       used 92749K, capacity 96118K, committed 98600K, reserved 1134592K
  class space    used 11686K, capacity 12332K, committed 12840K, reserved 1048576K
GC Heap History (10 events):
Event: 3269.528 GC heap before
{Heap before GC invocations=22 (full 3):
 PSYoungGen      total 170496K, used 163075K [0x00000000e0000000, 0x00000000ec800000, 0x0000000100000000)
  eden space 146432K, 100% used [0x00000000e0000000,0x00000000e8f00000,0x00000000e8f00000)
  from space 24064K, 69% used [0x00000000eb080000,0x00000000ec0c0e00,0x00000000ec800000)
  to   space 29184K, 0% used [0x00000000e8f00000,0x00000000e8f00000,0x00000000eab80000)
 ParOldGen       total 166400K, used 53449K [0x00000000a0000000, 0x00000000aa280000, 0x00000000e0000000)
  object space 166400K, 32% used [0x00000000a0000000,0x00000000a34325a0,0x00000000aa280000)
 Metaspace       used 91376K, capacity 95380K, committed 95656K, reserved 1132544K
  class space    used 11615K, capacity 12355K, committed 12456K, reserved 1048576K
Event: 3269.592 GC heap after
Heap after GC invocations=22 (full 3):
 PSYoungGen      total 172032K, used 29155K [0x00000000e0000000, 0x00000000ed180000, 0x0000000100000000)
  eden space 142848K, 0% used [0x00000000e0000000,0x00000000e0000000,0x00000000e8b80000)
  from space 29184K, 99% used [0x00000000e8f00000,0x00000000eab78ee0,0x00000000eab80000)
  to   space 35840K, 0% used [0x00000000eae80000,0x00000000eae80000,0x00000000ed180000)
 ParOldGen       total 166400K, used 60492K [0x00000000a0000000, 0x00000000aa280000, 0x00000000e0000000)
  object space 166400K, 36% used [0x00000000a0000000,0x00000000a3b132f8,0x00000000aa280000)
 Metaspace       used 91376K, capacity 95380K, committed 95656K, reserved 1132544K
  class space    used 11615K, capacity 12355K, committed 12456K, reserved 1048576K
}
Event: 3272.449 GC heap before
{Heap before GC invocations=23 (full 3):
 PSYoungGen      total 172032K, used 172003K [0x00000000e0000000, 0x00000000ed180000, 0x0000000100000000)
  eden space 142848K, 100% used [0x00000000e0000000,0x00000000e8b80000,0x00000000e8b80000)
  from space 29184K, 99% used [0x00000000e8f00000,0x00000000eab78ee0,0x00000000eab80000)
  to   space 35840K, 0% used [0x00000000eae80000,0x00000000eae80000,0x00000000ed180000)
 ParOldGen       total 166400K, used 60492K [0x00000000a0000000, 0x00000000aa280000, 0x00000000e0000000)
  object space 166400K, 36% used [0x00000000a0000000,0x00000000a3b132f8,0x00000000aa280000)
 Metaspace       used 91912K, capacity 95920K, committed 96168K, reserved 1132544K
  class space    used 11641K, capacity 12357K, committed 12456K, reserved 1048576K
Event: 3272.473 GC heap after
Heap after GC invocations=23 (full 3):
 PSYoungGen      total 169472K, used 10359K [0x00000000e0000000, 0x00000000ecc00000, 0x0000000100000000)
  eden space 139264K, 0% used [0x00000000e0000000,0x00000000e0000000,0x00000000e8800000)
  from space 30208K, 34% used [0x00000000eae80000,0x00000000eb89df90,0x00000000ecc00000)
  to   space 34816K, 0% used [0x00000000e8800000,0x00000000e8800000,0x00000000eaa00000)
 ParOldGen       total 166400K, used 64614K [0x00000000a0000000, 0x00000000aa280000, 0x00000000e0000000)
  object space 166400K, 38% used [0x00000000a0000000,0x00000000a3f19978,0x00000000aa280000)
 Metaspace       used 91912K, capacity 95920K, committed 96168K, reserved 1132544K
  class space    used 11641K, capacity 12357K, committed 12456K, reserved 1048576K
}
Event: 3280.685 GC heap before
{Heap before GC invocations=24 (full 3):
 PSYoungGen      total 169472K, used 149622K [0x00000000e0000000, 0x00000000ecc00000, 0x0000000100000000)
  eden space 139264K, 99% used [0x00000000e0000000,0x00000000e87ffbe0,0x00000000e8800000)
  from space 30208K, 34% used [0x00000000eae80000,0x00000000eb89df90,0x00000000ecc00000)
  to   space 34816K, 0% used [0x00000000e8800000,0x00000000e8800000,0x00000000eaa00000)
 ParOldGen       total 166400K, used 64614K [0x00000000a0000000, 0x00000000aa280000, 0x00000000e0000000)
  object space 166400K, 38% used [0x00000000a0000000,0x00000000a3f19978,0x00000000aa280000)
 Metaspace       used 93674K, capacity 98002K, committed 98216K, reserved 1134592K
  class space    used 11892K, capacity 12656K, committed 12712K, reserved 1048576K
Event: 3280.721 GC heap after
Heap after GC invocations=24 (full 3):
 PSYoungGen      total 154624K, used 18792K [0x00000000e0000000, 0x00000000ec780000, 0x0000000100000000)
  eden space 135680K, 0% used [0x00000000e0000000,0x00000000e0000000,0x00000000e8480000)
  from space 18944K, 99% used [0x00000000e8800000,0x00000000e9a5a208,0x00000000e9a80000)
  to   space 34304K, 0% used [0x00000000ea600000,0x00000000ea600000,0x00000000ec780000)
 ParOldGen       total 166400K, used 64622K [0x00000000a0000000, 0x00000000aa280000, 0x00000000e0000000)
  object space 166400K, 38% used [0x00000000a0000000,0x00000000a3f1b978,0x00000000aa280000)
 Metaspace       used 93674K, capacity 98002K, committed 98216K, reserved 1134592K
  class space    used 11892K, capacity 12656K, committed 12712K, reserved 1048576K
}
Event: 3344.710 GC heap before
{Heap before GC invocations=25 (full 3):
 PSYoungGen      total 154624K, used 69411K [0x00000000e0000000, 0x00000000ec780000, 0x0000000100000000)
  eden space 135680K, 37% used [0x00000000e0000000,0x00000000e316eb28,0x00000000e8480000)
  from space 18944K, 99% used [0x00000000e8800000,0x00000000e9a5a208,0x00000000e9a80000)
  to   space 34304K, 0% used [0x00000000ea600000,0x00000000ea600000,0x00000000ec780000)
 ParOldGen       total 166400K, used 64622K [0x00000000a0000000, 0x00000000aa280000, 0x00000000e0000000)
  object space 166400K, 38% used [0x00000000a0000000,0x00000000a3f1b978,0x00000000aa280000)
 Metaspace       used 94097K, capacity 98500K, committed 98600K, reserved 1134592K
  class space    used 11940K, capacity 12743K, committed 12840K, reserved 1048576K
Event: 3344.740 GC heap after
Heap after GC invocations=25 (full 3):
 PSYoungGen      total 162816K, used 9174K [0x00000000e0000000, 0x00000000ec380000, 0x0000000100000000)
  eden space 132608K, 0% used [0x00000000e0000000,0x00000000e0000000,0x00000000e8180000)
  from space 30208K, 30% used [0x00000000ea600000,0x00000000eaef5a88,0x00000000ec380000)
  to   space 33792K, 0% used [0x00000000e8180000,0x00000000e8180000,0x00000000ea280000)
 ParOldGen       total 166400K, used 64630K [0x00000000a0000000, 0x00000000aa280000, 0x00000000e0000000)
  object space 166400K, 38% used [0x00000000a0000000,0x00000000a3f1d978,0x00000000aa280000)
 Metaspace       used 94097K, capacity 98500K, committed 98600K, reserved 1134592K
  class space    used 11940K, capacity 12743K, committed 12840K, reserved 1048576K
}
Event: 3344.740 GC heap before
{Heap before GC invocations=26 (full 4):
 PSYoungGen      total 162816K, used 9174K [0x00000000e0000000, 0x00000000ec380000, 0x0000000100000000)
  eden space 132608K, 0% used [0x00000000e0000000,0x00000000e0000000,0x00000000e8180000)
  from space 30208K, 30% used [0x00000000ea600000,0x00000000eaef5a88,0x00000000ec380000)
  to   space 33792K, 0% used [0x00000000e8180000,0x00000000e8180000,0x00000000ea280000)
 ParOldGen       total 166400K, used 64630K [0x00000000a0000000, 0x00000000aa280000, 0x00000000e0000000)
  object space 166400K, 38% used [0x00000000a0000000,0x00000000a3f1d978,0x00000000aa280000)
 Metaspace       used 94097K, capacity 98500K, committed 98600K, reserved 1134592K
  class space    used 11940K, capacity 12743K, committed 12840K, reserved 1048576K
Event: 3345.806 GC heap after
Heap after GC invocations=26 (full 4):
 PSYoungGen      total 162816K, used 0K [0x00000000e0000000, 0x00000000ec380000, 0x0000000100000000)
  eden space 132608K, 0% used [0x00000000e0000000,0x00000000e0000000,0x00000000e8180000)
  from space 30208K, 0% used [0x00000000ea600000,0x00000000ea600000,0x00000000ec380000)
  to   space 33792K, 0% used [0x00000000e8180000,0x00000000e8180000,0x00000000ea280000)
 ParOldGen       total 231936K, used 39212K [0x00000000a0000000, 0x00000000ae280000, 0x00000000e0000000)
  object space 231936K, 16% used [0x00000000a0000000,0x00000000a264b0a0,0x00000000ae280000)
 Metaspace       used 92679K, capacity 96068K, committed 98600K, reserved 1134592K
  class space    used 11682K, capacity 12325K, committed 12840K, reserved 1048576K
}

